2020-06-11T13:16:07+00:00 CRITICAL Uncaught Error: Call to a member function get_cart() on null in /home/forge/lalabag.co/wp-content/themes/elaine/framework/modules/woocommerce/widgets/woocommerce-dropdown-cart/woocommerce-dropdown-cart.php:36
Stack trace:
#0 /home/forge/lalabag.co/wp-includes/class-wp-widget.php(380): ElaineEdgeClassWoocommerceDropdownCart->widget()
#1 /home/forge/lalabag.co/wp-includes/widgets.php(805): WP_Widget->display_callback()
#2 /home/forge/lalabag.co/wp-content/themes/elaine/framework/modules/header/types/sticky-header/functions.php(93): dynamic_sidebar()
#3 /home/forge/lalabag.co/wp-content/themes/elaine/framework/modules/header/types/sticky-header/templates/sticky-header.php(32): elaine_edge_get_sticky_header_widget_menu_area()
#4 /home/forge/lalabag.co/wp-content/themes/elaine/framework/lib/edgtf.functions.php(862): include('/home/forge/lal...')
#5 /home/forge/lalabag.co/wp-content/themes/elaine/framework/lib/edgtf.functions.php(883): elaine_edge_get_template_part()
#6 /home/forge/lalabag.co/wp-content/themes/elai en /home/forge/lalabag.co/wp-content/themes/elaine/framework/modules/woocommerce/widgets/woocommerce-dropdown-cart/woocommerce-dropdown-cart.php en la línea 36

2020-06-11T13:16:12+00:00 CRITICAL Uncaught Error: Call to a member function get_cart() on null in /home/forge/lalabag.co/wp-content/themes/elaine/framework/modules/woocommerce/widgets/woocommerce-dropdown-cart/woocommerce-dropdown-cart.php:36
Stack trace:
#0 /home/forge/lalabag.co/wp-includes/class-wp-widget.php(380): ElaineEdgeClassWoocommerceDropdownCart->widget()
#1 /home/forge/lalabag.co/wp-includes/widgets.php(805): WP_Widget->display_callback()
#2 /home/forge/lalabag.co/wp-content/themes/elaine/framework/modules/header/types/sticky-header/functions.php(93): dynamic_sidebar()
#3 /home/forge/lalabag.co/wp-content/themes/elaine/framework/modules/header/types/sticky-header/templates/sticky-header.php(32): elaine_edge_get_sticky_header_widget_menu_area()
#4 /home/forge/lalabag.co/wp-content/themes/elaine/framework/lib/edgtf.functions.php(862): include('/home/forge/lal...')
#5 /home/forge/lalabag.co/wp-content/themes/elaine/framework/lib/edgtf.functions.php(883): elaine_edge_get_template_part()
#6 /home/forge/lalabag.co/wp-content/themes/elai en /home/forge/lalabag.co/wp-content/themes/elaine/framework/modules/woocommerce/widgets/woocommerce-dropdown-cart/woocommerce-dropdown-cart.php en la línea 36

2020-06-11T13:16:25+00:00 CRITICAL Uncaught Error: Call to a member function get_cart() on null in /home/forge/lalabag.co/wp-content/themes/elaine/framework/modules/woocommerce/widgets/woocommerce-dropdown-cart/woocommerce-dropdown-cart.php:36
Stack trace:
#0 /home/forge/lalabag.co/wp-includes/class-wp-widget.php(380): ElaineEdgeClassWoocommerceDropdownCart->widget()
#1 /home/forge/lalabag.co/wp-includes/widgets.php(805): WP_Widget->display_callback()
#2 /home/forge/lalabag.co/wp-content/themes/elaine/framework/modules/header/types/sticky-header/functions.php(93): dynamic_sidebar()
#3 /home/forge/lalabag.co/wp-content/themes/elaine/framework/modules/header/types/sticky-header/templates/sticky-header.php(32): elaine_edge_get_sticky_header_widget_menu_area()
#4 /home/forge/lalabag.co/wp-content/themes/elaine/framework/lib/edgtf.functions.php(862): include('/home/forge/lal...')
#5 /home/forge/lalabag.co/wp-content/themes/elaine/framework/lib/edgtf.functions.php(883): elaine_edge_get_template_part()
#6 /home/forge/lalabag.co/wp-content/themes/elai en /home/forge/lalabag.co/wp-content/themes/elaine/framework/modules/woocommerce/widgets/woocommerce-dropdown-cart/woocommerce-dropdown-cart.php en la línea 36

