2020-07-22T16:00:53+00:00 INFO ORDER #6673 - CUSTOMER MESSAGE
Status: SUCCESS
Phone: 573183268978
Message: Hola Paula, tu Pago en Lalabag.com  fue procesado con éxito, Gracias por tu compra
2020-07-22T17:22:17+00:00 INFO ORDER #6665 - CUSTOMER MESSAGE
Status: SUCCESS
Phone: 573184288490
Message: Hola Pamela, hubo problemas con tu pago en Lalabag.com, si deseas, puedes continuar con el pago de tus lalabag  en https://biz.payulatam.com/L0d656493935D5F
2020-07-22T17:28:56+00:00 INFO ORDER #6594 - CUSTOMER MESSAGE
Status: SUCCESS
Phone: 573218279708
Message: Hola Sofia, pasamos por aqui a recordarte que el cupn de pago via GANA para tu LALABAG, vence mañana, si tienes dudas escrbenos via whatsapp 3225424375
2020-07-22T17:32:55+00:00 INFO ORDER #6566 - CUSTOMER MESSAGE
Status: SUCCESS
Phone: 573004900322
Message: Hola Carolina, pasamos por aqui a recordarte que tu cupn de pago via Baloto para tu LALABAG, vence mañana. si tienes dudas, escrbenos al whatsapp 3225424375
2020-07-22T17:37:39+00:00 INFO ORDER #6595 - CUSTOMER MESSAGE
Status: SUCCESS
Phone: 573023771198
Message: Hola Vanessa, pasamos por aqui a recordarte que tu cupon de pago via Efecty para tu LALABAG, vence mañana. si tienes dudas, escribenos al whatsapp 3225424375
2020-07-22T17:38:39+00:00 INFO ORDER #6562 - CUSTOMER MESSAGE
Status: SUCCESS
Phone: 573024520183
Message: Hola Maisun, pasamos por aqui a recordarte que tu cupon de pago via Efecty para tu LALABAG, vence mañana. si tienes dudas, escribenos al whatsapp 3225424375
2020-07-22T17:39:24+00:00 INFO ORDER #6552 - CUSTOMER MESSAGE
Status: SUCCESS
Phone: 573234151282
Message: Hola Manuela, pasamos por aqui a recordarte que tu cupon de pago via Baloto para tu LALABAG, vence mañana. si tienes dudas, escribenos al whatsapp 3225424375
2020-07-22T17:40:17+00:00 INFO ORDER #6452 - CUSTOMER MESSAGE
Status: SUCCESS
Phone: 573133581340
Message: Hola Carolina, pasamos por aqui a recordarte que tu cupon de pago via Baloto para tu LALABAG, vence mañana. si tienes dudas, escribenos al whatsapp 3225424375
2020-07-22T17:41:11+00:00 INFO ORDER #6444 - CUSTOMER MESSAGE
Status: SUCCESS
Phone: 573012947713
Message: Hola Leyla, pasamos por aqui a recordarte que tu cupon de pago via Baloto para tu LALABAG, vence mañana. si tienes dudas, escribenos al whatsapp 3225424375
2020-07-22T17:41:44+00:00 INFO ORDER #6443 - CUSTOMER MESSAGE
Status: SUCCESS
Phone: 573165354462
Message: Hola Andrea pasamos por aqui a recordarte que tu cupon de pago via Baloto para tu LALABAG, vence mañana. si tienes dudas, escribenos al whatsapp 3225424375
2020-07-22T17:42:26+00:00 INFO ORDER #6439 - CUSTOMER MESSAGE
Status: SUCCESS
Phone: 573007741513
Message: Hola Maria, pasamos por aqui a recordarte que tu cupon de pago via Gana para tu LALABAG, vence mañana. si tienes dudas, escribenos al whatsapp 3225424375
2020-07-22T17:43:56+00:00 INFO ORDER #6344 - CUSTOMER MESSAGE
Status: SUCCESS
Phone: 573185744398
Message: Hola Magda, pasamos por aqui a recordarte que tu cupon de pago via Baloto para tu LALABAG, vence mañana. si tienes dudas, escribenos al whatsapp 3225424375
2020-07-22T17:47:54+00:00 INFO ORDER #6584 - CUSTOMER MESSAGE
Status: SUCCESS
Phone: 573227344953
Message: Hola Tatiana, pasamos por aqui a recordarte que tu cupon de pago via Efecty para tu LALABAG, vence mañana. si tienes dudas, escribenos al whatsapp 3225424375
